; ModuleID = 'uri_example.ll'
source_filename = "inliner_test.ll"

define i32 @D(i32 %x) {
entry:
  %ret = add i32 %x, 1
  ret i32 %ret
}

define i32 @C(i32 %x) {
entry:
  %ret.i = add i32 %x, 1
  %ret = add i32 %ret.i, 2
  ret i32 %ret
}

define i32 @B(i32 %x) {
entry:
  %ret.i.i = add i32 %x, 1
  %ret.i = add i32 %ret.i.i, 2
  %ret = add i32 %ret.i, 3
  ret i32 %ret
}

define i32 @A(i32 %x) {
entry:
  %ret.i.i.i = add i32 %x, 1
  %ret.i.i = add i32 %ret.i.i.i, 2
  %ret.i = add i32 %ret.i.i, 3
  %ret.i.i1 = add i32 %x, 1
  %ret.i2 = add i32 %ret.i.i1, 2
  %ret = add i32 %ret.i, %ret.i2
  ret i32 %ret
}

define i32 @main() {
entry:
  %x = add i32 0, 100
  ret i32 209
}
